<?xml version="1.0" encoding="UTF-8"?>
<testsuite name="com.ridango.CocktailGameTests" tests="1" skipped="0" failures="0" errors="0" timestamp="2024-09-23T21:17:49" hostname="LAPTOP-VIE8V98N" time="0.959">
  <properties/>
  <testcase name="checkCocktailService()" classname="com.ridango.CocktailGameTests" time="0.959"/>
  <system-out><![CDATA[00:17:50.163 [Test worker] DEBUG org.springframework.web.client.RestTemplate - HTTP GET https://www.thecocktaildb.com/api/json/v1/1/random.php
00:17:50.217 [Test worker] DEBUG org.springframework.web.client.RestTemplate - Accept=[application/json, application/*+json]
00:17:50.612 [Test worker] DEBUG org.springframework.web.client.RestTemplate - Response 200 OK
00:17:50.617 [Test worker] DEBUG org.springframework.web.client.RestTemplate - Reading to [com.ridango.game.cocktail.Cocktail]
]]></system-out>
  <system-err><![CDATA[]]></system-err>
</testsuite>
